19:35:18.336 [main] INFO  org.testng.internal.Utils - [Utils] MethodGroupsHelper.sortMethods() took 11 ms.
19:35:18.347 [main] INFO  org.testng.internal.Utils - [Utils] MethodGroupsHelper.collectMethodsByGroup() took 0 ms.
19:35:18.347 [main] INFO  org.testng.internal.Utils - [Utils] MethodGroupsHelper.sortMethods() took 0 ms.
19:35:18.349 [main] INFO  org.testng.internal.Utils - [Utils] MethodGroupsHelper.collectMethodsByGroup() took 0 ms.
19:35:18.349 [main] INFO  org.testng.internal.Utils - [Utils] MethodGroupsHelper.sortMethods() took 0 ms.
19:35:18.351 [main] INFO  org.testng.internal.Utils - [Utils] MethodGroupsHelper.collectMethodsByGroup() took 0 ms.
19:35:18.352 [main] INFO  org.testng.internal.Utils - [Utils] MethodGroupsHelper.sortMethods() took 0 ms.
19:35:18.354 [main] INFO  org.testng.internal.Utils - [Utils] MethodGroupsHelper.collectMethodsByGroup() took 0 ms.
19:35:18.355 [main] INFO  org.testng.internal.Utils - [Utils] MethodGroupsHelper.sortMethods() took 0 ms.
19:35:18.355 [main] INFO  org.testng.internal.Utils - [Utils] MethodGroupsHelper.collectMethodsByGroup() took 0 ms.
19:35:18.355 [main] INFO  org.testng.internal.Utils - [Utils] MethodGroupsHelper.sortMethods() took 0 ms.
19:35:18.358 [main] INFO  org.testng.internal.Utils - [Utils] MethodGroupsHelper.collectMethodsByGroup() took 0 ms.
19:35:18.358 [main] INFO  org.testng.internal.Utils - [Utils] MethodGroupsHelper.sortMethods() took 0 ms.
19:35:18.358 [main] INFO  org.testng.internal.Utils - [Utils] MethodGroupsHelper.collectMethodsByGroup() took 0 ms.
19:35:18.358 [main] INFO  org.testng.internal.Utils - [Utils] MethodGroupsHelper.sortMethods() took 0 ms.
19:35:18.360 [main] INFO  org.testng.internal.Utils - [Utils] MethodGroupsHelper.collectMethodsByGroup() took 0 ms.
19:35:18.361 [main] INFO  org.testng.internal.Utils - [Utils] MethodGroupsHelper.sortMethods() took 0 ms.
19:35:18.364 [main] INFO  org.testng.internal.Utils - [Utils] MethodGroupsHelper.collectMethodsByGroup() took 0 ms.
19:35:18.364 [main] INFO  org.testng.internal.Utils - [Utils] MethodGroupsHelper.sortMethods() took 0 ms.
19:35:18.364 [main] INFO  org.testng.internal.Utils - [Utils] MethodGroupsHelper.collectMethodsByGroup() took 0 ms.
19:35:18.364 [main] INFO  org.testng.internal.Utils - [Utils] MethodGroupsHelper.sortMethods() took 0 ms.
19:35:18.375 [main] INFO  org.testng.internal.Utils - [TestNG] Running:
  C:\Users\kamal\AppData\Local\Temp\testng-eclipse-117218279\testng-customsuite.xml

19:35:18.405 [main] INFO  org.testng.internal.Utils - [Utils] DynamicGraphHelper.createDynamicGraph() took 9 ms.
19:35:18.838 [main] INFO  org.testng.internal.Utils - [TestNG] Time taken by org.testng.reporters.jq.Main@4ba302e0: 180 ms
19:35:18.874 [main] INFO  org.testng.internal.Utils - [TestNG] Time taken by org.testng.reporters.FailedReporter@72ea6193: 35 ms
19:35:18.912 [main] INFO  org.testng.internal.Utils - [TestNG] Time taken by org.testng.reporters.XMLReporter@3eeb318f: 38 ms
19:35:18.925 [main] INFO  org.testng.internal.Utils - [TestNG] Time taken by org.testng.reporters.EmailableReporter2@6941827a: 11 ms
19:35:18.937 [main] INFO  org.testng.internal.Utils - [TestNG] Time taken by org.testng.reporters.JUnitReportReporter@4189d70b: 11 ms
19:35:18.937 [main] INFO  org.testng.internal.Utils - [TestNG] Time taken by org.testng.internal.ExitCodeListener@3fa2213: 0 ms
19:36:37.673 [main] DEBUG org.testng.TestNG - suiteXmlPath: "C:\Users\kamal\eclipse-workspace\luxyrideautomation\testng.xml"
19:36:37.997 [main] INFO  org.testng.internal.Utils - [TestNG] Running:
  C:\Users\kamal\eclipse-workspace\luxyrideautomation\testng.xml

19:40:04.998 [main] DEBUG org.testng.TestNG - suiteXmlPath: "C:\Users\kamal\eclipse-workspace\luxyrideautomation\testng.xml"
19:40:05.466 [main] INFO  org.testng.internal.Utils - [TestNG] Running:
  C:\Users\kamal\eclipse-workspace\luxyrideautomation\testng.xml

19:41:38.144 [main] DEBUG org.testng.TestNG - suiteXmlPath: "C:\Users\kamal\eclipse-workspace\luxyrideautomation\testng.xml"
19:41:38.597 [main] INFO  org.testng.internal.Utils - [TestNG] Running:
  C:\Users\kamal\eclipse-workspace\luxyrideautomation\testng.xml

11:37:24.170 [main] DEBUG org.testng.TestNG - suiteXmlPath: "C:\Users\kamal\eclipse-workspace\luxyrideautomation\testng.xml"
11:39:13.573 [main] DEBUG org.testng.TestNG - suiteXmlPath: "C:\Users\kamal\eclipse-workspace\luxyrideautomation\testng.xml"
11:41:13.874 [main] DEBUG org.testng.TestNG - suiteXmlPath: "C:\Users\kamal\eclipse-workspace\luxyrideautomation\testng.xml"
13:55:46.017 [main] DEBUG org.testng.TestNG - suiteXmlPath: "C:\Users\kamal\eclipse-workspace\luxyrideautomation\testng.xml"
